<?xml version="1.0" encoding="UTF-8"?>
<testsuite name="com.terpel.app.ui.otp.OtpViewModelTest" tests="2" skipped="0" failures="0" errors="0" timestamp="2025-11-28T19:01:32.188Z" hostname="MacBook-Pro-de-Jaime-2.local" time="0.064">
  <properties/>
  <testcase name="verify_succeeds_with_6_digits" classname="com.terpel.app.ui.otp.OtpViewModelTest" time="0.058"/>
  <testcase name="timer_starts_at_60" classname="com.terpel.app.ui.otp.OtpViewModelTest" time="0.006"/>
  <system-out><![CDATA[]]></system-out>
  <system-err><![CDATA[]]></system-err>
</testsuite>
